<?xml version="1.0" encoding="UTF-8"?>
<robot generator="Robot 3.1.2 (Python 3.9.0 on darwin)" generated="20201217 11:33:43.309" rpa="false">
<suite id="s1" name="Case" source="/Users/edo/Documents/git/BEERobotWoks/case">
<suite id="s1-s1" name="pirmoTest" source="/Users/edo/Documents/git/BEERobotWoks/case/pirmoTest.robot">
<test id="s1-s1-t1" name="Login test">
<kw name="Open Browser" library="SeleniumLibrary">
<doc>Opens a new browser instance to the optional ``url``.</doc>
<arguments>
<arg>https://www.saucedemo.com/</arg>
<arg>chrome</arg>
</arguments>
<msg timestamp="20201217 11:33:43.541" level="TRACE">Arguments: [ 'https://www.saucedemo.com/' | 'chrome' ]</msg>
<msg timestamp="20201217 11:33:43.541" level="INFO">Opening browser 'chrome' to base url 'https://www.saucedemo.com/'.</msg>
<msg timestamp="20201217 11:33:44.559" level="DEBUG">POST http://127.0.0.1:53913/session {"capabilities": {"firstMatch": [{}], "alwaysMatch": {"browserName": "chrome", "platformName": "any", "goog:chromeOptions": {"extensions": [], "args": []}}}, "desiredCapabilities": {"browserName": "chrome", "version": "", "platform": "ANY", "goog:chromeOptions": {"extensions": [], "args": []}}}</msg>
<msg timestamp="20201217 11:33:44.560" level="DEBUG">Starting new HTTP connection (1): 127.0.0.1:53913</msg>
<msg timestamp="20201217 11:33:46.148" level="DEBUG">http://127.0.0.1:53913 "POST /session HTTP/1.1" 200 726</msg>
<msg timestamp="20201217 11:33:46.149" level="DEBUG">Finished Request</msg>
<msg timestamp="20201217 11:33:46.149" level="DEBUG">POST http://127.0.0.1:53913/session/f536948d720c74a549cef83d9c867b08/timeouts {"script": 5000}</msg>
<msg timestamp="20201217 11:33:46.151" level="DEBUG">http://127.0.0.1:53913 "POST /session/f536948d720c74a549cef83d9c867b08/timeouts HTTP/1.1" 200 14</msg>
<msg timestamp="20201217 11:33:46.152" level="DEBUG">Finished Request</msg>
<msg timestamp="20201217 11:33:46.152" level="DEBUG">POST http://127.0.0.1:53913/session/f536948d720c74a549cef83d9c867b08/timeouts {"implicit": 0}</msg>
<msg timestamp="20201217 11:33:46.153" level="DEBUG">http://127.0.0.1:53913 "POST /session/f536948d720c74a549cef83d9c867b08/timeouts HTTP/1.1" 200 14</msg>
<msg timestamp="20201217 11:33:46.154" level="DEBUG">Finished Request</msg>
<msg timestamp="20201217 11:33:46.154" level="DEBUG">POST http://127.0.0.1:53913/session/f536948d720c74a549cef83d9c867b08/url {"url": "https://www.saucedemo.com/"}</msg>
<msg timestamp="20201217 11:33:46.443" level="DEBUG">http://127.0.0.1:53913 "POST /session/f536948d720c74a549cef83d9c867b08/url HTTP/1.1" 200 14</msg>
<msg timestamp="20201217 11:33:46.443" level="DEBUG">Finished Request</msg>
<msg timestamp="20201217 11:33:46.443" level="DEBUG">Opened browser with session id f536948d720c74a549cef83d9c867b08.</msg>
<msg timestamp="20201217 11:33:46.443" level="TRACE">Return: 1</msg>
<status status="PASS" starttime="20201217 11:33:43.541" endtime="20201217 11:33:46.443"></status>
</kw>
<kw name="Input Text" library="SeleniumLibrary">
<doc>Types the given ``text`` into the text field identified by ``locator``.</doc>
<arguments>
<arg>xpath://input[@data-test='username']</arg>
<arg>standard_user</arg>
</arguments>
<msg timestamp="20201217 11:33:46.445" level="TRACE">Arguments: [ "xpath://input[@data-test='username']" | 'standard_user' ]</msg>
<msg timestamp="20201217 11:33:46.445" level="INFO">Typing text 'standard_user' into text field 'xpath://input[@data-test='username']'.</msg>
<msg timestamp="20201217 11:33:46.446" level="DEBUG">POST http://127.0.0.1:53913/session/f536948d720c74a549cef83d9c867b08/elements {"using": "xpath", "value": "//input[@data-test='username']"}</msg>
<msg timestamp="20201217 11:33:46.462" level="DEBUG">http://127.0.0.1:53913 "POST /session/f536948d720c74a549cef83d9c867b08/elements HTTP/1.1" 200 90</msg>
<msg timestamp="20201217 11:33:46.463" level="DEBUG">Finished Request</msg>
<msg timestamp="20201217 11:33:46.463" level="DEBUG">POST http://127.0.0.1:53913/session/f536948d720c74a549cef83d9c867b08/element/485ada85-9447-45c1-b82f-29857cff9685/clear {"id": "485ada85-9447-45c1-b82f-29857cff9685"}</msg>
<msg timestamp="20201217 11:33:46.499" level="DEBUG">http://127.0.0.1:53913 "POST /session/f536948d720c74a549cef83d9c867b08/element/485ada85-9447-45c1-b82f-29857cff9685/clear HTTP/1.1" 200 14</msg>
<msg timestamp="20201217 11:33:46.499" level="DEBUG">Finished Request</msg>
<msg timestamp="20201217 11:33:46.499" level="DEBUG">POST http://127.0.0.1:53913/session/f536948d720c74a549cef83d9c867b08/element/485ada85-9447-45c1-b82f-29857cff9685/value {"text": "standard_user", "value": ["s", "t", "a", "n", "d", "a", "r", "d", "_", "u", "s", "e", "r"], "id": "485ada85-9447-45c1-b82f-29857cff9685"}</msg>
<msg timestamp="20201217 11:33:46.694" level="DEBUG">http://127.0.0.1:53913 "POST /session/f536948d720c74a549cef83d9c867b08/element/485ada85-9447-45c1-b82f-29857cff9685/value HTTP/1.1" 200 14</msg>
<msg timestamp="20201217 11:33:46.695" level="DEBUG">Finished Request</msg>
<msg timestamp="20201217 11:33:46.695" level="TRACE">Return: None</msg>
<status status="PASS" starttime="20201217 11:33:46.444" endtime="20201217 11:33:46.695"></status>
</kw>
<kw name="Input Text" library="SeleniumLibrary">
<doc>Types the given ``text`` into the text field identified by ``locator``.</doc>
<arguments>
<arg>name:password</arg>
<arg>secret_sauce</arg>
</arguments>
<msg timestamp="20201217 11:33:46.696" level="TRACE">Arguments: [ 'name:password' | 'secret_sauce' ]</msg>
<msg timestamp="20201217 11:33:46.697" level="INFO">Typing text 'secret_sauce' into text field 'name:password'.</msg>
<msg timestamp="20201217 11:33:46.697" level="DEBUG">POST http://127.0.0.1:53913/session/f536948d720c74a549cef83d9c867b08/elements {"using": "css selector", "value": "[name=\"password\"]"}</msg>
<msg timestamp="20201217 11:33:46.714" level="DEBUG">http://127.0.0.1:53913 "POST /session/f536948d720c74a549cef83d9c867b08/elements HTTP/1.1" 200 90</msg>
<msg timestamp="20201217 11:33:46.714" level="DEBUG">Finished Request</msg>
<msg timestamp="20201217 11:33:46.715" level="DEBUG">POST http://127.0.0.1:53913/session/f536948d720c74a549cef83d9c867b08/element/3819125f-8aaf-40b1-86c5-5db7ef8a4a33/clear {"id": "3819125f-8aaf-40b1-86c5-5db7ef8a4a33"}</msg>
<msg timestamp="20201217 11:33:46.758" level="DEBUG">http://127.0.0.1:53913 "POST /session/f536948d720c74a549cef83d9c867b08/element/3819125f-8aaf-40b1-86c5-5db7ef8a4a33/clear HTTP/1.1" 200 14</msg>
<msg timestamp="20201217 11:33:46.758" level="DEBUG">Finished Request</msg>
<msg timestamp="20201217 11:33:46.759" level="DEBUG">POST http://127.0.0.1:53913/session/f536948d720c74a549cef83d9c867b08/element/3819125f-8aaf-40b1-86c5-5db7ef8a4a33/value {"text": "secret_sauce", "value": ["s", "e", "c", "r", "e", "t", "_", "s", "a", "u", "c", "e"], "id": "3819125f-8aaf-40b1-86c5-5db7ef8a4a33"}</msg>
<msg timestamp="20201217 11:33:46.821" level="DEBUG">http://127.0.0.1:53913 "POST /session/f536948d720c74a549cef83d9c867b08/element/3819125f-8aaf-40b1-86c5-5db7ef8a4a33/value HTTP/1.1" 200 14</msg>
<msg timestamp="20201217 11:33:46.822" level="DEBUG">Finished Request</msg>
<msg timestamp="20201217 11:33:46.822" level="TRACE">Return: None</msg>
<status status="PASS" starttime="20201217 11:33:46.696" endtime="20201217 11:33:46.822"></status>
</kw>
<kw name="Click Button" library="SeleniumLibrary">
<doc>Clicks the button identified by ``locator``.</doc>
<arguments>
<arg>id:login-button</arg>
</arguments>
<msg timestamp="20201217 11:33:46.823" level="TRACE">Arguments: [ 'id:login-button' ]</msg>
<msg timestamp="20201217 11:33:46.823" level="INFO">Clicking button 'id:login-button'.</msg>
<msg timestamp="20201217 11:33:46.823" level="DEBUG">POST http://127.0.0.1:53913/session/f536948d720c74a549cef83d9c867b08/elements {"using": "css selector", "value": "[id=\"login-button\"]"}</msg>
<msg timestamp="20201217 11:33:46.835" level="DEBUG">http://127.0.0.1:53913 "POST /session/f536948d720c74a549cef83d9c867b08/elements HTTP/1.1" 200 90</msg>
<msg timestamp="20201217 11:33:46.835" level="DEBUG">Finished Request</msg>
<msg timestamp="20201217 11:33:46.835" level="DEBUG">GET http://127.0.0.1:53913/session/f536948d720c74a549cef83d9c867b08/element/17f01862-f3db-470f-b4f5-451eed7f63e4/name {"id": "17f01862-f3db-470f-b4f5-451eed7f63e4"}</msg>
<msg timestamp="20201217 11:33:46.841" level="DEBUG">http://127.0.0.1:53913 "GET /session/f536948d720c74a549cef83d9c867b08/element/17f01862-f3db-470f-b4f5-451eed7f63e4/name HTTP/1.1" 200 17</msg>
<msg timestamp="20201217 11:33:46.841" level="DEBUG">Finished Request</msg>
<msg timestamp="20201217 11:33:46.841" level="DEBUG">POST http://127.0.0.1:53913/session/f536948d720c74a549cef83d9c867b08/element/17f01862-f3db-470f-b4f5-451eed7f63e4/click {"id": "17f01862-f3db-470f-b4f5-451eed7f63e4"}</msg>
<msg timestamp="20201217 11:33:48.224" level="DEBUG">http://127.0.0.1:53913 "POST /session/f536948d720c74a549cef83d9c867b08/element/17f01862-f3db-470f-b4f5-451eed7f63e4/click HTTP/1.1" 200 14</msg>
<msg timestamp="20201217 11:33:48.225" level="DEBUG">Finished Request</msg>
<msg timestamp="20201217 11:33:48.225" level="TRACE">Return: None</msg>
<status status="PASS" starttime="20201217 11:33:46.822" endtime="20201217 11:33:48.225"></status>
</kw>
<kw name="Location Should Be" library="SeleniumLibrary">
<doc>Verifies that the current URL is exactly ``url``.</doc>
<arguments>
<arg>https://www.saucedemo.com/inventory.html</arg>
</arguments>
<msg timestamp="20201217 11:33:48.226" level="TRACE">Arguments: [ 'https://www.saucedemo.com/inventory.html' ]</msg>
<msg timestamp="20201217 11:33:48.226" level="DEBUG">GET http://127.0.0.1:53913/session/f536948d720c74a549cef83d9c867b08/url {}</msg>
<msg timestamp="20201217 11:33:48.249" level="DEBUG">http://127.0.0.1:53913 "GET /session/f536948d720c74a549cef83d9c867b08/url HTTP/1.1" 200 52</msg>
<msg timestamp="20201217 11:33:48.250" level="DEBUG">Finished Request</msg>
<msg timestamp="20201217 11:33:48.250" level="INFO">Current location is 'https://www.saucedemo.com/inventory.html'.</msg>
<msg timestamp="20201217 11:33:48.250" level="TRACE">Return: None</msg>
<status status="PASS" starttime="20201217 11:33:48.226" endtime="20201217 11:33:48.250"></status>
</kw>
<kw name="Page Should Contain" library="SeleniumLibrary">
<doc>Verifies that current page contains ``text``.</doc>
<arguments>
<arg>Products</arg>
</arguments>
<msg timestamp="20201217 11:33:48.251" level="TRACE">Arguments: [ 'Products' ]</msg>
<msg timestamp="20201217 11:33:48.251" level="DEBUG">POST http://127.0.0.1:53913/session/f536948d720c74a549cef83d9c867b08/frame {"id": null}</msg>
<msg timestamp="20201217 11:33:48.261" level="DEBUG">http://127.0.0.1:53913 "POST /session/f536948d720c74a549cef83d9c867b08/frame HTTP/1.1" 200 14</msg>
<msg timestamp="20201217 11:33:48.262" level="DEBUG">Finished Request</msg>
<msg timestamp="20201217 11:33:48.262" level="DEBUG">POST http://127.0.0.1:53913/session/f536948d720c74a549cef83d9c867b08/elements {"using": "xpath", "value": "//*[contains(., 'Products')]"}</msg>
<msg timestamp="20201217 11:33:48.278" level="DEBUG">http://127.0.0.1:53913 "POST /session/f536948d720c74a549cef83d9c867b08/elements HTTP/1.1" 200 722</msg>
<msg timestamp="20201217 11:33:48.279" level="DEBUG">Finished Request</msg>
<msg timestamp="20201217 11:33:48.279" level="INFO">Current page contains text 'Products'.</msg>
<msg timestamp="20201217 11:33:48.279" level="TRACE">Return: None</msg>
<status status="PASS" starttime="20201217 11:33:48.250" endtime="20201217 11:33:48.279"></status>
</kw>
<kw name="Page Should Contain Element" library="SeleniumLibrary">
<doc>Verifies that element ``locator`` is found on the current page.</doc>
<arguments>
<arg>id:inventory_container</arg>
</arguments>
<msg timestamp="20201217 11:33:48.280" level="TRACE">Arguments: [ 'id:inventory_container' ]</msg>
<msg timestamp="20201217 11:33:48.281" level="DEBUG">POST http://127.0.0.1:53913/session/f536948d720c74a549cef83d9c867b08/elements {"using": "css selector", "value": "[id=\"inventory_container\"]"}</msg>
<msg timestamp="20201217 11:33:48.294" level="DEBUG">http://127.0.0.1:53913 "POST /session/f536948d720c74a549cef83d9c867b08/elements HTTP/1.1" 200 169</msg>
<msg timestamp="20201217 11:33:48.295" level="DEBUG">Finished Request</msg>
<msg timestamp="20201217 11:33:48.295" level="INFO">Current page contains element 'id:inventory_container'.</msg>
<msg timestamp="20201217 11:33:48.295" level="TRACE">Return: None</msg>
<status status="PASS" starttime="20201217 11:33:48.280" endtime="20201217 11:33:48.295"></status>
</kw>
<status status="PASS" starttime="20201217 11:33:43.540" endtime="20201217 11:33:48.296" critical="yes"></status>
</test>
<doc>Primo test di prova</doc>
<status status="PASS" starttime="20201217 11:33:43.339" endtime="20201217 11:33:48.299"></status>
</suite>
<status status="PASS" starttime="20201217 11:33:43.310" endtime="20201217 11:33:48.303"></status>
</suite>
<statistics>
<total>
<stat pass="1" fail="0">Critical Tests</stat>
<stat pass="1" fail="0">All Tests</stat>
</total>
<tag>
</tag>
<suite>
<stat pass="1" fail="0" id="s1" name="Case">Case</stat>
<stat pass="1" fail="0" id="s1-s1" name="pirmoTest">Case.pirmoTest</stat>
</suite>
</statistics>
<errors>
</errors>
</robot>
